 IC 1 GGM
 Means :  -0.000000 12.516975 -3.395424 

 Vars. :  1.000000 66.407706 3.036765 

 Prop. :  0.869805 0.090149 0.040046 


 IC 2 GGM
 Means :  0.000000 4.323942 -2.481955 

 Vars. :  1.000000 5.708875 0.625854 

 Prop. :  0.705752 0.246145 0.048103 


 IC 3 GGM
 Means :  -0.000000 8.690799 -2.357792 

 Vars. :  1.000000 24.145014 1.003272 

 Prop. :  0.760294 0.085978 0.153729 


 IC 4 GGM
 Means :  -0.000000 4.542615 -2.477676 

 Vars. :  1.000000 5.228879 1.164979 

 Prop. :  0.642833 0.165646 0.191522 


 IC 5 GGM
 Means :  0.000000 5.524061 -2.384870 

 Vars. :  1.000000 10.889252 0.770734 

 Prop. :  0.622780 0.222146 0.155074 


 IC 6 GGM
 Means :  0.000000 5.439352 -2.701109 

 Vars. :  1.000000 12.231299 0.571242 

 Prop. :  0.819892 0.120371 0.059737 


 IC 7 GGM
 Means :  0.000000 6.031680 -2.233909 

 Vars. :  1.000000 10.100999 0.331768 

 Prop. :  0.839001 0.103436 0.057563 


 IC 8 GGM
 Means :  -0.000000 8.014959 -2.914116 

 Vars. :  1.000000 26.781343 0.932261 

 Prop. :  0.814065 0.113289 0.072646 


 IC 9 GGM
 Means :  -0.000000 5.134291 -2.392802 

 Vars. :  1.000000 9.552491 1.002965 

 Prop. :  0.721076 0.148888 0.130036 


 IC 10 GGM
 Means :  -0.000000 8.088502 -2.347740 

 Vars. :  1.000000 28.671917 0.350048 

 Prop. :  0.896462 0.072828 0.030710 


 IC 11 GGM
 Means :  -0.000000 4.879641 -2.624412 

 Vars. :  1.000000 7.547103 1.386867 

 Prop. :  0.784180 0.130304 0.085516 


 IC 12 GGM
 Means :  0.000000 3.015870 -2.014341 

 Vars. :  1.000000 2.414496 0.488344 

 Prop. :  0.778208 0.192479 0.029313 


 IC 13 GGM
 Means :  0.000000 4.801870 -2.381102 

 Vars. :  1.000000 8.078242 1.077353 

 Prop. :  0.573102 0.250432 0.176466 


 IC 14 GGM
 Means :  -0.000000 9.267435 -2.841819 

 Vars. :  1.000000 36.762191 1.613137 

 Prop. :  0.873242 0.088886 0.037872 


 IC 15 GGM
 Means :  -0.000000 3.190062 -5.194088 

 Vars. :  1.000000 4.161460 9.920795 

 Prop. :  0.867454 0.119287 0.013259 


